<?xml version="1.0" encoding="UTF-8"?>
<!-- Generated by org.testng.reporters.JUnitReportReporter -->
<testsuite hostname="DESKTOP-BPVNH0J" failures="0" tests="1" name="testpkg.Fblogintest" time="0.275" errors="0" timestamp="2024-03-07T19:01:03 IST" skipped="0">
  <testcase classname="testpkg.Fblogintest" name="testlogin" time="0.275"/>
</testsuite> <!-- testpkg.Fblogintest -->
