<?xml version="1.0" encoding="UTF-8"?>
<!-- Generated by org.testng.reporters.JUnitReportReporter -->
<testsuite hostname="DESKTOP-BPVNH0J" failures="0" tests="1" name="testpkg.Rishiherballogin" time="11.980" errors="0" timestamp="2024-03-11T10:34:07 IST" skipped="0">
  <testcase classname="testpkg.Rishiherballogin" name="testing" time="11.980"/>
</testsuite> <!-- testpkg.Rishiherballogin -->
