<?xml version="1.0" encoding="UTF-8"?>
<!-- Generated by org.testng.reporters.JUnitReportReporter -->
<testsuite hostname="DESKTOP-BPVNH0J" failures="0" tests="1" name="testpkg.Rishiherbaltest" time="6.773" errors="0" timestamp="2024-03-11T18:20:35 IST" skipped="0">
  <testcase classname="testpkg.Rishiherbaltest" name="testing" time="6.773"/>
</testsuite> <!-- testpkg.Rishiherbaltest -->
